2023-06-22 19:32:42.598  INFO 11656 --- [main] com.example.demo.SareetaApplication      : Starting SareetaApplication on ANPHATPC with PID 11656 (E:\My_Documents\Courses\Udacity\JavaWebDeveloper\nd035-c4-Security-and-DevOps\starter_code\target\classes started by ADMIN in E:\My_Documents\Courses\Udacity\JavaWebDeveloper\nd035-c4-Security-and-DevOps)
2023-06-22 19:32:42.604  INFO 11656 --- [main] com.example.demo.SareetaApplication      : No active profile set, falling back to default profiles: default
2023-06-22 19:32:43.002  INFO 11656 --- [main] .s.d.r.c.RepositoryConfigurationDelegate : Bootstrapping Spring Data JPA repositories in DEFAULT mode.
2023-06-22 19:32:43.099  INFO 11656 --- [main] .s.d.r.c.RepositoryConfigurationDelegate : Finished Spring Data repository scanning in 88ms. Found 4 JPA repository interfaces.
2023-06-22 19:32:43.737  INFO 11656 --- [main] o.s.b.w.embedded.tomcat.TomcatWebServer  : Tomcat initialized with port(s): 8080 (http)
2023-06-22 19:32:43.748  INFO 11656 --- [main] o.apache.catalina.core.StandardService   : Starting service [Tomcat]
2023-06-22 19:32:43.748  INFO 11656 --- [main] org.apache.catalina.core.StandardEngine  : Starting Servlet engine: [Apache Tomcat/9.0.37]
2023-06-22 19:32:43.846  INFO 11656 --- [main] o.a.c.c.C.[Tomcat].[localhost].[/]       : Initializing Spring embedded WebApplicationContext
2023-06-22 19:32:43.846  INFO 11656 --- [main] w.s.c.ServletWebServerApplicationContext : Root WebApplicationContext: initialization completed in 1189 ms
2023-06-22 19:32:44.025  INFO 11656 --- [main] o.hibernate.jpa.internal.util.LogHelper  : HHH000204: Processing PersistenceUnitInfo [name: default]
2023-06-22 19:32:44.077  INFO 11656 --- [main] org.hibernate.Version                    : HHH000412: Hibernate ORM core version 5.4.18.Final
2023-06-22 19:32:44.208  INFO 11656 --- [main] o.hibernate.annotations.common.Version   : HCANN000001: Hibernate Commons Annotations {5.1.0.Final}
2023-06-22 19:32:44.295  INFO 11656 --- [main] com.zaxxer.hikari.HikariDataSource       : HikariPool-1 - Starting...
2023-06-22 19:32:44.429  INFO 11656 --- [main] com.zaxxer.hikari.HikariDataSource       : HikariPool-1 - Start completed.
2023-06-22 19:32:44.442  INFO 11656 --- [main] org.hibernate.dialect.Dialect            : HHH000400: Using dialect: org.hibernate.dialect.H2Dialect
2023-06-22 19:32:45.023  INFO 11656 --- [main] o.h.e.t.j.p.i.JtaPlatformInitiator       : HHH000490: Using JtaPlatform implementation: [org.hibernate.engine.transaction.jta.platform.internal.NoJtaPlatform]
2023-06-22 19:32:45.028  INFO 11656 --- [main] j.LocalContainerEntityManagerFactoryBean : Initialized JPA EntityManagerFactory for persistence unit 'default'
2023-06-22 19:32:45.281  WARN 11656 --- [main] JpaBaseConfiguration$JpaWebConfiguration : spring.jpa.open-in-view is enabled by default. Therefore, database queries may be performed during view rendering. Explicitly configure spring.jpa.open-in-view to disable this warning
2023-06-22 19:32:45.625  INFO 11656 --- [main] o.s.s.web.DefaultSecurityFilterChain     : Creating filter chain: any request, [org.springframework.security.web.context.request.async.WebAsyncManagerIntegrationFilter@696ce057, org.springframework.security.web.context.SecurityContextPersistenceFilter@64887fbc, org.springframework.security.web.header.HeaderWriterFilter@391e5ffa, org.springframework.web.filter.CorsFilter@5eba9e41, org.springframework.security.web.authentication.logout.LogoutFilter@3051e476, com.example.demo.security.JWTAuthenticationFilter@13809363, com.example.demo.security.JWTAuthenticationVerficationFilter@564d3940, org.springframework.security.web.savedrequest.RequestCacheAwareFilter@1f6d7e7c, org.springframework.security.web.servletapi.SecurityContextHolderAwareRequestFilter@3c20e9d6, org.springframework.security.web.authentication.AnonymousAuthenticationFilter@58ad0586, org.springframework.security.web.session.SessionManagementFilter@470b5213, org.springframework.security.web.access.ExceptionTranslationFilter@3f2ef402, org.springframework.security.web.access.intercept.FilterSecurityInterceptor@3d3a28b5]
2023-06-22 19:32:45.664  INFO 11656 --- [main] o.s.s.concurrent.ThreadPoolTaskExecutor  : Initializing ExecutorService 'applicationTaskExecutor'
2023-06-22 19:32:45.767  WARN 11656 --- [main] ConfigServletWebServerApplicationContext : Exception encountered during context initialization - cancelling refresh attempt: org.springframework.context.ApplicationContextException: Failed to start bean 'webServerStartStop'; nested exception is org.springframework.boot.web.server.PortInUseException: Port 8080 is already in use
2023-06-22 19:32:45.768  INFO 11656 --- [main] o.s.s.concurrent.ThreadPoolTaskExecutor  : Shutting down ExecutorService 'applicationTaskExecutor'
2023-06-22 19:32:45.769  INFO 11656 --- [main] j.LocalContainerEntityManagerFactoryBean : Closing JPA EntityManagerFactory for persistence unit 'default'
2023-06-22 19:32:45.770  INFO 11656 --- [main] com.zaxxer.hikari.HikariDataSource       : HikariPool-1 - Shutdown initiated...
2023-06-22 19:32:45.771  INFO 11656 --- [main] com.zaxxer.hikari.HikariDataSource       : HikariPool-1 - Shutdown completed.
2023-06-22 19:32:45.773  INFO 11656 --- [main] o.apache.catalina.core.StandardService   : Stopping service [Tomcat]
2023-06-22 19:32:45.779  INFO 11656 --- [main] ConditionEvaluationReportLoggingListener : 

Error starting ApplicationContext. To display the conditions report re-run your application with 'debug' enabled.
2023-06-22 19:32:45.780 ERROR 11656 --- [main] o.s.b.d.LoggingFailureAnalysisReporter   : 

***************************
APPLICATION FAILED TO START
***************************

Description:

Web server failed to start. Port 8080 was already in use.

Action:

Identify and stop the process that's listening on port 8080 or configure this application to listen on another port.

2023-06-22 19:33:03.090  INFO 17840 --- [main] com.example.demo.SareetaApplication      : Starting SareetaApplication on ANPHATPC with PID 17840 (E:\My_Documents\Courses\Udacity\JavaWebDeveloper\nd035-c4-Security-and-DevOps\starter_code\target\classes started by ADMIN in E:\My_Documents\Courses\Udacity\JavaWebDeveloper\nd035-c4-Security-and-DevOps)
2023-06-22 19:33:03.091  INFO 17840 --- [main] com.example.demo.SareetaApplication      : No active profile set, falling back to default profiles: default
2023-06-22 19:33:03.485  INFO 17840 --- [main] .s.d.r.c.RepositoryConfigurationDelegate : Bootstrapping Spring Data JPA repositories in DEFAULT mode.
2023-06-22 19:33:03.536  INFO 17840 --- [main] .s.d.r.c.RepositoryConfigurationDelegate : Finished Spring Data repository scanning in 43ms. Found 4 JPA repository interfaces.
2023-06-22 19:33:04.196  INFO 17840 --- [main] o.s.b.w.embedded.tomcat.TomcatWebServer  : Tomcat initialized with port(s): 8081 (http)
2023-06-22 19:33:04.209  INFO 17840 --- [main] o.apache.catalina.core.StandardService   : Starting service [Tomcat]
2023-06-22 19:33:04.209  INFO 17840 --- [main] org.apache.catalina.core.StandardEngine  : Starting Servlet engine: [Apache Tomcat/9.0.37]
2023-06-22 19:33:04.332  INFO 17840 --- [main] o.a.c.c.C.[Tomcat].[localhost].[/]       : Initializing Spring embedded WebApplicationContext
2023-06-22 19:33:04.332  INFO 17840 --- [main] w.s.c.ServletWebServerApplicationContext : Root WebApplicationContext: initialization completed in 1195 ms
2023-06-22 19:33:04.570  INFO 17840 --- [main] o.hibernate.jpa.internal.util.LogHelper  : HHH000204: Processing PersistenceUnitInfo [name: default]
2023-06-22 19:33:04.622  INFO 17840 --- [main] org.hibernate.Version                    : HHH000412: Hibernate ORM core version 5.4.18.Final
2023-06-22 19:33:04.759  INFO 17840 --- [main] o.hibernate.annotations.common.Version   : HCANN000001: Hibernate Commons Annotations {5.1.0.Final}
2023-06-22 19:33:04.872  INFO 17840 --- [main] com.zaxxer.hikari.HikariDataSource       : HikariPool-1 - Starting...
2023-06-22 19:33:05.029  INFO 17840 --- [main] com.zaxxer.hikari.HikariDataSource       : HikariPool-1 - Start completed.
2023-06-22 19:33:05.046  INFO 17840 --- [main] org.hibernate.dialect.Dialect            : HHH000400: Using dialect: org.hibernate.dialect.H2Dialect
2023-06-22 19:33:05.838  INFO 17840 --- [main] o.h.e.t.j.p.i.JtaPlatformInitiator       : HHH000490: Using JtaPlatform implementation: [org.hibernate.engine.transaction.jta.platform.internal.NoJtaPlatform]
2023-06-22 19:33:05.844  INFO 17840 --- [main] j.LocalContainerEntityManagerFactoryBean : Initialized JPA EntityManagerFactory for persistence unit 'default'
2023-06-22 19:33:06.160  WARN 17840 --- [main] JpaBaseConfiguration$JpaWebConfiguration : spring.jpa.open-in-view is enabled by default. Therefore, database queries may be performed during view rendering. Explicitly configure spring.jpa.open-in-view to disable this warning
2023-06-22 19:33:06.573  INFO 17840 --- [main] o.s.s.web.DefaultSecurityFilterChain     : Creating filter chain: any request, [org.springframework.security.web.context.request.async.WebAsyncManagerIntegrationFilter@3ae87e38, org.springframework.security.web.context.SecurityContextPersistenceFilter@7d483ebe, org.springframework.security.web.header.HeaderWriterFilter@3b1137b0, org.springframework.web.filter.CorsFilter@44e4cf8a, org.springframework.security.web.authentication.logout.LogoutFilter@6f4f2cc0, com.example.demo.security.JWTAuthenticationFilter@50930bff, com.example.demo.security.JWTAuthenticationVerficationFilter@296bfddb, org.springframework.security.web.savedrequest.RequestCacheAwareFilter@5d98364c, org.springframework.security.web.servletapi.SecurityContextHolderAwareRequestFilter@44da745f, org.springframework.security.web.authentication.AnonymousAuthenticationFilter@508b4f70, org.springframework.security.web.session.SessionManagementFilter@afb7b03, org.springframework.security.web.access.ExceptionTranslationFilter@78ea700f, org.springframework.security.web.access.intercept.FilterSecurityInterceptor@3cc817bd]
2023-06-22 19:33:06.611  INFO 17840 --- [main] o.s.s.concurrent.ThreadPoolTaskExecutor  : Initializing ExecutorService 'applicationTaskExecutor'
2023-06-22 19:33:06.741  INFO 17840 --- [main] o.s.b.w.embedded.tomcat.TomcatWebServer  : Tomcat started on port(s): 8081 (http) with context path ''
2023-06-22 19:33:06.748  INFO 17840 --- [main] com.example.demo.SareetaApplication      : Started SareetaApplication in 3.95 seconds (JVM running for 4.297)
2023-06-22 19:35:52.302  INFO 17840 --- [http-nio-8081-exec-1] o.a.c.c.C.[Tomcat].[localhost].[/]       : Initializing Spring DispatcherServlet 'dispatcherServlet'
2023-06-22 19:35:52.302  INFO 17840 --- [http-nio-8081-exec-1] o.s.web.servlet.DispatcherServlet        : Initializing Servlet 'dispatcherServlet'
2023-06-22 19:35:52.307  INFO 17840 --- [http-nio-8081-exec-1] o.s.web.servlet.DispatcherServlet        : Completed initialization in 5 ms
2023-06-22 19:35:52.488  INFO 17840 --- [http-nio-8081-exec-1] c.e.demo.controllers.UserController      : CreateUser request successes
2023-06-22 19:36:32.163  INFO 17840 --- [SpringContextShutdownHook] o.s.s.concurrent.ThreadPoolTaskExecutor  : Shutting down ExecutorService 'applicationTaskExecutor'
2023-06-22 19:36:32.165  INFO 17840 --- [SpringContextShutdownHook] j.LocalContainerEntityManagerFactoryBean : Closing JPA EntityManagerFactory for persistence unit 'default'
2023-06-22 19:36:32.166  INFO 17840 --- [SpringContextShutdownHook] com.zaxxer.hikari.HikariDataSource       : HikariPool-1 - Shutdown initiated...
2023-06-22 19:36:32.168  INFO 17840 --- [SpringContextShutdownHook] com.zaxxer.hikari.HikariDataSource       : HikariPool-1 - Shutdown completed.
